Copyright 1986-2020 Xilinx, Inc. All Rights Reserved.
-----------------------------------------------------------------------------------------------------
| Tool Version : Vivado v.2020.2 (lin64) Build 3064766 Wed Nov 18 09:12:47 MST 2020
| Date         : Sat Feb 12 00:20:23 2022
| Host         : jhon-HP running 64-bit Ubuntu 20.04.3 LTS
| Command      : report_utilization -hierarchical -file nexys4ddr_utilization_hierarchical_place.rpt
| Design       : nexys4ddr
| Device       : 7a100tcsg324-1
| Design State : Fully Placed
-----------------------------------------------------------------------------------------------------

Utilization Design Information

Table of Contents
-----------------
1. Utilization by Hierarchy

1. Utilization by Hierarchy
---------------------------

+------------------+-------------------+------------+------------+---------+------+------+--------+--------+------------+
|     Instance     |       Module      | Total LUTs | Logic LUTs | LUTRAMs | SRLs |  FFs | RAMB36 | RAMB18 | DSP Blocks |
+------------------+-------------------+------------+------------+---------+------+------+--------+--------+------------+
| nexys4ddr        |             (top) |       3501 |       3397 |     104 |    0 | 2652 |    134 |      0 |          1 |
|   (nexys4ddr)    |             (top) |        865 |        849 |      16 |    0 | 1438 |    134 |      0 |          1 |
|   PWMUS          |             PWMUS |         26 |         26 |       0 |    0 |   22 |      0 |      0 |          0 |
|   picorv32       |          picorv32 |       2464 |       2376 |      88 |    0 | 1129 |      0 |      0 |          0 |
|     (picorv32)   |          picorv32 |       1776 |       1688 |      88 |    0 |  674 |      0 |      0 |          0 |
|     pcpi_div     | picorv32_pcpi_div |        444 |        444 |       0 |    0 |  200 |      0 |      0 |          0 |
|     pcpi_mul     | picorv32_pcpi_mul |        244 |        244 |       0 |    0 |  255 |      0 |      0 |          0 |
|   ultraSound     |        ultraSound |        144 |        144 |       0 |    0 |   59 |      0 |      0 |          0 |
|     (ultraSound) |        ultraSound |        136 |        136 |       0 |    0 |   29 |      0 |      0 |          0 |
|     freq1        |           divFreq |          8 |          8 |       0 |    0 |   30 |      0 |      0 |          0 |
|   wheels         |            wheels |          3 |          3 |       0 |    0 |    4 |      0 |      0 |          0 |
+------------------+-------------------+------------+------------+---------+------+------+--------+--------+------------+
* Note: The sum of lower-level cells may be larger than their parent cells total, due to cross-hierarchy LUT combining


