Copyright 1986-2020 Xilinx, Inc. All Rights Reserved.
----------------------------------------------------------------------------------------
| Tool Version     : Vivado v.2020.2 (lin64) Build 3064766 Wed Nov 18 09:12:47 MST 2020
| Date             : Sat Feb 12 00:21:12 2022
| Host             : jhon-HP running 64-bit Ubuntu 20.04.3 LTS
| Command          : report_power -file nexys4ddr_power.rpt
| Design           : nexys4ddr
| Device           : xc7a100tcsg324-1
| Design State     : routed
| Grade            : commercial
| Process          : typical
| Characterization : Production
----------------------------------------------------------------------------------------

Power Report

Table of Contents
-----------------
1. Summary
1.1 On-Chip Components
1.2 Power Supply Summary
1.3 Confidence Level
2. Settings
2.1 Environment
2.2 Clock Constraints
3. Detailed Reports
3.1 By Hierarchy

1. Summary
----------

+--------------------------+----------------------------------+
| Total On-Chip Power (W)  | 32.132 (Junction temp exceeded!) |
| Design Power Budget (W)  | Unspecified*                     |
| Power Budget Margin (W)  | NA                               |
| Dynamic (W)              | 31.253                           |
| Device Static (W)        | 0.879                            |
| Effective TJA (C/W)      | 4.6                              |
| Max Ambient (C)          | 0.0                              |
| Junction Temperature (C) | 125.0                            |
| Confidence Level         | Low                              |
| Setting File             | ---                              |
| Simulation Activity File | ---                              |
| Design Nets Matched      | NA                               |
+--------------------------+----------------------------------+
* Specify Design Power Budget using, set_operating_conditions -design_power_budget <value in Watts>


1.1 On-Chip Components
----------------------

+--------------------------+-----------+----------+-----------+-----------------+
| On-Chip                  | Power (W) | Used     | Available | Utilization (%) |
+--------------------------+-----------+----------+-----------+-----------------+
| Slice Logic              |     5.862 |     7128 |       --- |             --- |
|   LUT as Logic           |     4.526 |     3397 |     63400 |            5.36 |
|   CARRY4                 |     0.814 |      364 |     15850 |            2.30 |
|   Register               |     0.262 |     2652 |    126800 |            2.09 |
|   LUT as Distributed RAM |     0.255 |      104 |     19000 |            0.55 |
|   BUFG                   |     0.006 |        1 |        32 |            3.13 |
|   Others                 |     0.000 |       19 |       --- |             --- |
|   F7/F8 Muxes            |     0.000 |        8 |     63400 |            0.01 |
| Signals                  |     9.516 |     5718 |       --- |             --- |
| Block RAM                |     6.310 |      134 |       135 |           99.26 |
| DSPs                     |     0.209 |        1 |       240 |            0.42 |
| I/O                      |     9.357 |       75 |       210 |           35.71 |
| Static Power             |     0.879 |          |           |                 |
| Total                    |    32.132 |          |           |                 |
+--------------------------+-----------+----------+-----------+-----------------+


1.2 Power Supply Summary
------------------------

+-----------+-------------+-----------+-------------+------------+-------------+-------------+------------+
| Source    | Voltage (V) | Total (A) | Dynamic (A) | Static (A) | Powerup (A) | Budget (A)  | Margin (A) |
+-----------+-------------+-----------+-------------+------------+-------------+-------------+------------+
| Vccint    |       1.000 |    22.047 |      21.444 |      0.603 |       NA    | Unspecified | NA         |
| Vccaux    |       1.800 |     0.433 |       0.340 |      0.093 |       NA    | Unspecified | NA         |
| Vcco33    |       3.300 |     2.630 |       2.626 |      0.004 |       NA    | Unspecified | NA         |
| Vcco25    |       2.500 |     0.000 |       0.000 |      0.000 |       NA    | Unspecified | NA         |
| Vcco18    |       1.800 |     0.000 |       0.000 |      0.000 |       NA    | Unspecified | NA         |
| Vcco15    |       1.500 |     0.000 |       0.000 |      0.000 |       NA    | Unspecified | NA         |
| Vcco135   |       1.350 |     0.000 |       0.000 |      0.000 |       NA    | Unspecified | NA         |
| Vcco12    |       1.200 |     0.000 |       0.000 |      0.000 |       NA    | Unspecified | NA         |
| Vccaux_io |       1.800 |     0.000 |       0.000 |      0.000 |       NA    | Unspecified | NA         |
| Vccbram   |       1.000 |     0.591 |       0.532 |      0.060 |       NA    | Unspecified | NA         |
| MGTAVcc   |       1.000 |     0.000 |       0.000 |      0.000 |       NA    | Unspecified | NA         |
| MGTAVtt   |       1.200 |     0.000 |       0.000 |      0.000 |       NA    | Unspecified | NA         |
| Vccadc    |       1.800 |     0.020 |       0.000 |      0.020 |       NA    | Unspecified | NA         |
+-----------+-------------+-----------+-------------+------------+-------------+-------------+------------+


1.3 Confidence Level
--------------------

+-----------------------------+------------+--------------------------------------------------------+--------------------------------------------------------------------------------------------------------------------+
| User Input Data             | Confidence | Details                                                | Action                                                                                                             |
+-----------------------------+------------+--------------------------------------------------------+--------------------------------------------------------------------------------------------------------------------+
| Design implementation state | High       | Design is routed                                       |                                                                                                                    |
| Clock nodes activity        | Low        | User specified less than 75% of clocks                 | Provide missing clock activity with a constraint file, simulation results or by editing the "By Clock Domain" view |
| I/O nodes activity          | Low        | More than 75% of inputs are missing user specification | Provide missing input activity with simulation results or by editing the "By Resource Type -> I/Os" view           |
| Internal nodes activity     | Medium     | User specified less than 25% of internal nodes         | Provide missing internal nodes activity with simulation results or by editing the "By Resource Type" views         |
| Device models               | High       | Device models are Production                           |                                                                                                                    |
|                             |            |                                                        |                                                                                                                    |
| Overall confidence level    | Low        |                                                        |                                                                                                                    |
+-----------------------------+------------+--------------------------------------------------------+--------------------------------------------------------------------------------------------------------------------+


2. Settings
-----------

2.1 Environment
---------------

+-----------------------+--------------------------+
| Ambient Temp (C)      | 25.0                     |
| ThetaJA (C/W)         | 4.6                      |
| Airflow (LFM)         | 250                      |
| Heat Sink             | medium (Medium Profile)  |
| ThetaSA (C/W)         | 4.6                      |
| Board Selection       | medium (10"x10")         |
| # of Board Layers     | 12to15 (12 to 15 Layers) |
| Board Temperature (C) | 25.0                     |
+-----------------------+--------------------------+


2.2 Clock Constraints
---------------------

+-------+--------+-----------------+
| Clock | Domain | Constraint (ns) |
+-------+--------+-----------------+


3. Detailed Reports
-------------------

3.1 By Hierarchy
----------------

+-------------------------------+-----------+
| Name                          | Power (W) |
+-------------------------------+-----------+
| nexys4ddr                     |    31.253 |
|   PWMUS                       |     0.283 |
|   i2c_sda_IOBUF_inst          |     0.480 |
|   picorv32                    |     6.335 |
|     cpuregs_reg_r1_0_63_0_2   |     0.019 |
|     cpuregs_reg_r1_0_63_12_14 |     0.016 |
|     cpuregs_reg_r1_0_63_15_17 |     0.018 |
|     cpuregs_reg_r1_0_63_18_20 |     0.018 |
|     cpuregs_reg_r1_0_63_21_23 |     0.019 |
|     cpuregs_reg_r1_0_63_24_26 |     0.013 |
|     cpuregs_reg_r1_0_63_27_29 |     0.019 |
|     cpuregs_reg_r1_0_63_30_30 |     0.011 |
|     cpuregs_reg_r1_0_63_31_31 |     0.006 |
|     cpuregs_reg_r1_0_63_3_5   |     0.021 |
|     cpuregs_reg_r1_0_63_6_8   |     0.016 |
|     cpuregs_reg_r1_0_63_9_11  |     0.013 |
|     cpuregs_reg_r2_0_63_0_2   |     0.035 |
|     cpuregs_reg_r2_0_63_12_14 |     0.032 |
|     cpuregs_reg_r2_0_63_15_17 |     0.039 |
|     cpuregs_reg_r2_0_63_18_20 |     0.040 |
|     cpuregs_reg_r2_0_63_21_23 |     0.041 |
|     cpuregs_reg_r2_0_63_24_26 |     0.039 |
|     cpuregs_reg_r2_0_63_27_29 |     0.029 |
|     cpuregs_reg_r2_0_63_30_30 |     0.017 |
|     cpuregs_reg_r2_0_63_31_31 |     0.010 |
|     cpuregs_reg_r2_0_63_3_5   |     0.035 |
|     cpuregs_reg_r2_0_63_6_8   |     0.031 |
|     cpuregs_reg_r2_0_63_9_11  |     0.025 |
|     pcpi_div                  |     0.915 |
|     pcpi_mul                  |     0.220 |
|   ultraSound                  |     1.382 |
|     freq1                     |     0.178 |
+-------------------------------+-----------+


